  pch.cpp
  dllmain.cpp
  Network_parallel.cpp
C:\Users\1\source\Simulation_project\Metric\Metric.h(18,26): warning C4251: Metric::main_parametrs: class "std::map<std::string,double,std::less<std::string>,std::allocator<std::pair<const std::string,double>>>" должен иметь dll-интерфейс для использования клиентами class "Metric"
C:\Users\1\source\Simulation_project\Metric\Metric.h(18,5): message : см. объявление "std::map<std::string,double,std::less<std::string>,std::allocator<std::pair<const std::string,double>>>"
C:\Users\1\source\Simulation_project\Metric\Metric.h(19,26): warning C4251: Metric::parametrs: class "std::map<std::string,double,std::less<std::string>,std::allocator<std::pair<const std::string,double>>>" должен иметь dll-интерфейс для использования клиентами class "Metric"
C:\Users\1\source\Simulation_project\Metric\Metric.h(18,5): message : см. объявление "std::map<std::string,double,std::less<std::string>,std::allocator<std::pair<const std::string,double>>>"
C:\Users\1\source\Simulation_project\Metric\Metric.h(20,26): warning C4251: Metric::fixed_main_parametrs: class "std::map<std::string,double,std::less<std::string>,std::allocator<std::pair<const std::string,double>>>" должен иметь dll-интерфейс для использования клиентами class "Metric"
C:\Users\1\source\Simulation_project\Metric\Metric.h(18,5): message : см. объявление "std::map<std::string,double,std::less<std::string>,std::allocator<std::pair<const std::string,double>>>"
C:\Users\1\source\Simulation_project\Metric\Metric.h(22,12): warning C4251: Metric::name: class "std::basic_string<char,std::char_traits<char>,std::allocator<char>>" должен иметь dll-интерфейс для использования клиентами class "Metric"
C:\Program Files\Microsoft Visual Studio\2022\Community\VC\Tools\MSVC\14.35.32215\include\xstring(5300,29): message : см. объявление "std::basic_string<char,std::char_traits<char>,std::allocator<char>>"
C:\Users\1\source\Simulation_project\Metric\Metric.h(23,12): warning C4251: Metric::type: class "std::basic_string<char,std::char_traits<char>,std::allocator<char>>" должен иметь dll-интерфейс для использования клиентами class "Metric"
C:\Program Files\Microsoft Visual Studio\2022\Community\VC\Tools\MSVC\14.35.32215\include\xstring(5300,29): message : см. объявление "std::basic_string<char,std::char_traits<char>,std::allocator<char>>"
C:\Users\1\source\Simulation_project\Model\Model.h(19,12): warning C4251: Model::name: class "std::basic_string<char,std::char_traits<char>,std::allocator<char>>" должен иметь dll-интерфейс для использования клиентами class "Model"
C:\Program Files\Microsoft Visual Studio\2022\Community\VC\Tools\MSVC\14.35.32215\include\xstring(5300,29): message : см. объявление "std::basic_string<char,std::char_traits<char>,std::allocator<char>>"
C:\Users\1\source\Simulation_project\Model\Model.h(20,12): warning C4251: Model::modeling_class: class "std::basic_string<char,std::char_traits<char>,std::allocator<char>>" должен иметь dll-интерфейс для использования клиентами class "Model"
C:\Program Files\Microsoft Visual Studio\2022\Community\VC\Tools\MSVC\14.35.32215\include\xstring(5300,29): message : см. объявление "std::basic_string<char,std::char_traits<char>,std::allocator<char>>"
C:\Users\1\source\Simulation_project\Model\Model.h(21,26): warning C4251: Model::components: class "std::map<std::string,Model *,std::less<std::string>,std::allocator<std::pair<const std::string,Model *>>>" должен иметь dll-интерфейс для использования клиентами class "Model"
C:\Users\1\source\Simulation_project\Model\Model.h(21,5): message : см. объявление "std::map<std::string,Model *,std::less<std::string>,std::allocator<std::pair<const std::string,Model *>>>"
C:\Users\1\source\Simulation_project\Model\Model.h(22,22): warning C4251: Model::metrics: class "std::vector<Metric *,std::allocator<Metric *>>" должен иметь dll-интерфейс для использования клиентами class "Model"
C:\Users\1\source\Simulation_project\Model\Model.h(22,5): message : см. объявление "std::vector<Metric *,std::allocator<Metric *>>"
C:\Users\1\source\Simulation_project\Model\Model.h(23,26): warning C4251: Model::parametrs: class "std::map<std::string,double,std::less<std::string>,std::allocator<std::pair<const std::string,double>>>" должен иметь dll-интерфейс для использования клиентами class "Model"
C:\Users\1\source\Simulation_project\Metric\Metric.h(18,5): message : см. объявление "std::map<std::string,double,std::less<std::string>,std::allocator<std::pair<const std::string,double>>>"
C:\Users\1\source\Simulation_project\Model\Model.h(24,34): warning C4251: Model::parallel_parametrs: class "std::map<std::string,std::vector<double,std::allocator<double>>,std::less<std::string>,std::allocator<std::pair<const std::string,std::vector<double,std::allocator<double>>>>>" должен иметь dll-интерфейс для использования клиентами class "Model"
C:\Users\1\source\Simulation_project\Model\Model.h(24,5): message : см. объявление "std::map<std::string,std::vector<double,std::allocator<double>>,std::less<std::string>,std::allocator<std::pair<const std::string,std::vector<double,std::allocator<double>>>>>"
C:\Users\1\source\Simulation_project\Model\Model.h(25,26): warning C4251: Model::components_models_adresses: class "std::map<std::string,std::string,std::less<std::string>,std::allocator<std::pair<const std::string,std::string>>>" должен иметь dll-интерфейс для использования клиентами class "Model"
C:\Users\1\source\Simulation_project\Model\Model.h(25,5): message : см. объявление "std::map<std::string,std::string,std::less<std::string>,std::allocator<std::pair<const std::string,std::string>>>"
C:\Users\1\source\Simulation_project\Model\Model.h(26,12): warning C4251: Model::next_model_name: class "std::basic_string<char,std::char_traits<char>,std::allocator<char>>" должен иметь dll-интерфейс для использования клиентами class "Model"
C:\Program Files\Microsoft Visual Studio\2022\Community\VC\Tools\MSVC\14.35.32215\include\xstring(5300,29): message : см. объявление "std::basic_string<char,std::char_traits<char>,std::allocator<char>>"
C:\Users\1\source\Simulation_project\Movement\Movement.h(51,94): warning C4190: для "GetComponentModelAdress" задана С-связывание, но возвращаемый тип UDT "std::basic_string<char,std::char_traits<char>,std::allocator<char>>" несовместим с языком Си
C:\Program Files\Microsoft Visual Studio\2022\Community\VC\Tools\MSVC\14.35.32215\include\xstring(5300,29): message : см. объявление "std::basic_string<char,std::char_traits<char>,std::allocator<char>>"
C:\Users\1\source\Simulation_project\Movement\Movement.h(61,80): warning C4190: для "GetAllComponentsMetrics" задана С-связывание, но возвращаемый тип UDT "std::vector<Metric *,std::allocator<Metric *>>" несовместим с языком Си
C:\Users\1\source\Simulation_project\Model\Model.h(22,5): message : см. объявление "std::vector<Metric *,std::allocator<Metric *>>"
C:\Users\1\source\Simulation_project\Movement\Movement.h(62,63): warning C4190: для "GetNextModelName" задана С-связывание, но возвращаемый тип UDT "std::basic_string<char,std::char_traits<char>,std::allocator<char>>" несовместим с языком Си
C:\Program Files\Microsoft Visual Studio\2022\Community\VC\Tools\MSVC\14.35.32215\include\xstring(5300,29): message : см. объявление "std::basic_string<char,std::char_traits<char>,std::allocator<char>>"
C:\Users\1\source\Simulation_project\Movement\Movement.h(63,92): warning C4190: для "GetAllParallelParametrs" задана С-связывание, но возвращаемый тип UDT "std::map<std::string,std::vector<double,std::allocator<double>>,std::less<std::string>,std::allocator<std::pair<const std::string,std::vector<double,std::allocator<double>>>>>" несовместим с языком Си
C:\Users\1\source\Simulation_project\Model\Model.h(24,5): message : см. объявление "std::map<std::string,std::vector<double,std::allocator<double>>,std::less<std::string>,std::allocator<std::pair<const std::string,std::vector<double,std::allocator<double>>>>>"
C:\Users\1\source\Simulation_project\Node\Node.h(30,17): warning C4251: Node::neighbours: class "std::vector<int,std::allocator<int>>" должен иметь dll-интерфейс для использования клиентами class "Node"
C:\Users\1\source\Simulation_project\Node\Node.h(30,5): message : см. объявление "std::vector<int,std::allocator<int>>"
C:\Users\1\source\Simulation_project\Node\Node.h(31,18): warning C4251: Node::messages: class "std::vector<int,std::allocator<int>>" должен иметь dll-интерфейс для использования клиентами class "Node"
C:\Users\1\source\Simulation_project\Node\Node.h(30,5): message : см. объявление "std::vector<int,std::allocator<int>>"
C:\Users\1\source\Simulation_project\Node\Node.h(55,94): warning C4190: для "GetComponentModelAdress" задана С-связывание, но возвращаемый тип UDT "std::basic_string<char,std::char_traits<char>,std::allocator<char>>" несовместим с языком Си
C:\Program Files\Microsoft Visual Studio\2022\Community\VC\Tools\MSVC\14.35.32215\include\xstring(5300,29): message : см. объявление "std::basic_string<char,std::char_traits<char>,std::allocator<char>>"
C:\Users\1\source\Simulation_project\Node\Node.h(65,80): warning C4190: для "GetAllComponentsMetrics" задана С-связывание, но возвращаемый тип UDT "std::vector<Metric *,std::allocator<Metric *>>" несовместим с языком Си
C:\Users\1\source\Simulation_project\Model\Model.h(22,5): message : см. объявление "std::vector<Metric *,std::allocator<Metric *>>"
C:\Users\1\source\Simulation_project\Node\Node.h(66,63): warning C4190: для "GetNextModelName" задана С-связывание, но возвращаемый тип UDT "std::basic_string<char,std::char_traits<char>,std::allocator<char>>" несовместим с языком Си
C:\Program Files\Microsoft Visual Studio\2022\Community\VC\Tools\MSVC\14.35.32215\include\xstring(5300,29): message : см. объявление "std::basic_string<char,std::char_traits<char>,std::allocator<char>>"
C:\Users\1\source\Simulation_project\Node\Node.h(67,92): warning C4190: для "GetAllParallelParametrs" задана С-связывание, но возвращаемый тип UDT "std::map<std::string,std::vector<double,std::allocator<double>>,std::less<std::string>,std::allocator<std::pair<const std::string,std::vector<double,std::allocator<double>>>>>" несовместим с языком Си
C:\Users\1\source\Simulation_project\Model\Model.h(24,5): message : см. объявление "std::map<std::string,std::vector<double,std::allocator<double>>,std::less<std::string>,std::allocator<std::pair<const std::string,std::vector<double,std::allocator<double>>>>>"
C:\Users\1\source\Simulation_project\Transfer\Transfer.h(54,94): warning C4190: для "GetComponentModelAdress" задана С-связывание, но возвращаемый тип UDT "std::basic_string<char,std::char_traits<char>,std::allocator<char>>" несовместим с языком Си
C:\Program Files\Microsoft Visual Studio\2022\Community\VC\Tools\MSVC\14.35.32215\include\xstring(5300,29): message : см. объявление "std::basic_string<char,std::char_traits<char>,std::allocator<char>>"
C:\Users\1\source\Simulation_project\Transfer\Transfer.h(62,80): warning C4190: для "GetAllComponentsMetrics" задана С-связывание, но возвращаемый тип UDT "std::vector<Metric *,std::allocator<Metric *>>" несовместим с языком Си
C:\Users\1\source\Simulation_project\Model\Model.h(22,5): message : см. объявление "std::vector<Metric *,std::allocator<Metric *>>"
C:\Users\1\source\Simulation_project\Transfer\Transfer.h(63,63): warning C4190: для "GetNextModelName" задана С-связывание, но возвращаемый тип UDT "std::basic_string<char,std::char_traits<char>,std::allocator<char>>" несовместим с языком Си
C:\Program Files\Microsoft Visual Studio\2022\Community\VC\Tools\MSVC\14.35.32215\include\xstring(5300,29): message : см. объявление "std::basic_string<char,std::char_traits<char>,std::allocator<char>>"
C:\Users\1\source\Simulation_project\Transfer\Transfer.h(64,92): warning C4190: для "GetAllParallelParametrs" задана С-связывание, но возвращаемый тип UDT "std::map<std::string,std::vector<double,std::allocator<double>>,std::less<std::string>,std::allocator<std::pair<const std::string,std::vector<double,std::allocator<double>>>>>" несовместим с языком Си
C:\Users\1\source\Simulation_project\Model\Model.h(24,5): message : см. объявление "std::map<std::string,std::vector<double,std::allocator<double>>,std::less<std::string>,std::allocator<std::pair<const std::string,std::vector<double,std::allocator<double>>>>>"
C:\Users\1\source\Simulation_project\Area_parallel\Area_parallel.h(62,94): warning C4190: для "GetComponentModelAdress" задана С-связывание, но возвращаемый тип UDT "std::basic_string<char,std::char_traits<char>,std::allocator<char>>" несовместим с языком Си
C:\Program Files\Microsoft Visual Studio\2022\Community\VC\Tools\MSVC\14.35.32215\include\xstring(5300,29): message : см. объявление "std::basic_string<char,std::char_traits<char>,std::allocator<char>>"
C:\Users\1\source\Simulation_project\Area_parallel\Area_parallel.h(70,80): warning C4190: для "GetAllComponentsMetrics" задана С-связывание, но возвращаемый тип UDT "std::vector<Metric *,std::allocator<Metric *>>" несовместим с языком Си
C:\Users\1\source\Simulation_project\Model\Model.h(22,5): message : см. объявление "std::vector<Metric *,std::allocator<Metric *>>"
C:\Users\1\source\Simulation_project\Area_parallel\Area_parallel.h(71,63): warning C4190: для "GetNextModelName" задана С-связывание, но возвращаемый тип UDT "std::basic_string<char,std::char_traits<char>,std::allocator<char>>" несовместим с языком Си
C:\Program Files\Microsoft Visual Studio\2022\Community\VC\Tools\MSVC\14.35.32215\include\xstring(5300,29): message : см. объявление "std::basic_string<char,std::char_traits<char>,std::allocator<char>>"
C:\Users\1\source\Simulation_project\Area_parallel\Area_parallel.h(72,76): warning C4190: для "GetAllParametrs" задана С-связывание, но возвращаемый тип UDT "std::map<std::string,double,std::less<std::string>,std::allocator<std::pair<const std::string,double>>>" несовместим с языком Си
C:\Users\1\source\Simulation_project\Metric\Metric.h(18,5): message : см. объявление "std::map<std::string,double,std::less<std::string>,std::allocator<std::pair<const std::string,double>>>"
C:\Users\1\source\Simulation_project\Area_parallel\Area_parallel.h(73,92): warning C4190: для "GetAllParallelParametrs" задана С-связывание, но возвращаемый тип UDT "std::map<std::string,std::vector<double,std::allocator<double>>,std::less<std::string>,std::allocator<std::pair<const std::string,std::vector<double,std::allocator<double>>>>>" несовместим с языком Си
C:\Users\1\source\Simulation_project\Model\Model.h(24,5): message : см. объявление "std::map<std::string,std::vector<double,std::allocator<double>>,std::less<std::string>,std::allocator<std::pair<const std::string,std::vector<double,std::allocator<double>>>>>"
C:\Users\1\source\Simulation_project\Network_parallel\Network_parallel.h(31,17): warning C4251: Network_parallel::neighbours: class "std::vector<int,std::allocator<int>>" должен иметь dll-интерфейс для использования клиентами class "Network_parallel"
C:\Users\1\source\Simulation_project\Node\Node.h(30,5): message : см. объявление "std::vector<int,std::allocator<int>>"
C:\Users\1\source\Simulation_project\Network_parallel\Network_parallel.h(32,18): warning C4251: Network_parallel::messages: class "std::vector<int,std::allocator<int>>" должен иметь dll-интерфейс для использования клиентами class "Network_parallel"
C:\Users\1\source\Simulation_project\Node\Node.h(30,5): message : см. объявление "std::vector<int,std::allocator<int>>"
C:\Users\1\source\Simulation_project\Network_parallel\Network_parallel.h(58,94): warning C4190: для "GetComponentModelAdress" задана С-связывание, но возвращаемый тип UDT "std::basic_string<char,std::char_traits<char>,std::allocator<char>>" несовместим с языком Си
C:\Program Files\Microsoft Visual Studio\2022\Community\VC\Tools\MSVC\14.35.32215\include\xstring(5300,29): message : см. объявление "std::basic_string<char,std::char_traits<char>,std::allocator<char>>"
C:\Users\1\source\Simulation_project\Network_parallel\Network_parallel.h(66,80): warning C4190: для "GetAllComponentsMetrics" задана С-связывание, но возвращаемый тип UDT "std::vector<Metric *,std::allocator<Metric *>>" несовместим с языком Си
C:\Users\1\source\Simulation_project\Model\Model.h(22,5): message : см. объявление "std::vector<Metric *,std::allocator<Metric *>>"
C:\Users\1\source\Simulation_project\Network_parallel\Network_parallel.h(67,63): warning C4190: для "GetNextModelName" задана С-связывание, но возвращаемый тип UDT "std::basic_string<char,std::char_traits<char>,std::allocator<char>>" несовместим с языком Си
C:\Program Files\Microsoft Visual Studio\2022\Community\VC\Tools\MSVC\14.35.32215\include\xstring(5300,29): message : см. объявление "std::basic_string<char,std::char_traits<char>,std::allocator<char>>"
C:\Users\1\source\Simulation_project\Network_parallel\Network_parallel.h(68,76): warning C4190: для "GetAllParametrs" задана С-связывание, но возвращаемый тип UDT "std::map<std::string,double,std::less<std::string>,std::allocator<std::pair<const std::string,double>>>" несовместим с языком Си
C:\Users\1\source\Simulation_project\Metric\Metric.h(18,5): message : см. объявление "std::map<std::string,double,std::less<std::string>,std::allocator<std::pair<const std::string,double>>>"
C:\Users\1\source\Simulation_project\Network_parallel\Network_parallel.h(69,92): warning C4190: для "GetAllParallelParametrs" задана С-связывание, но возвращаемый тип UDT "std::map<std::string,std::vector<double,std::allocator<double>>,std::less<std::string>,std::allocator<std::pair<const std::string,std::vector<double,std::allocator<double>>>>>" несовместим с языком Си
C:\Users\1\source\Simulation_project\Model\Model.h(24,5): message : см. объявление "std::map<std::string,std::vector<double,std::allocator<double>>,std::less<std::string>,std::allocator<std::pair<const std::string,std::vector<double,std::allocator<double>>>>>"
C:\Users\1\source\Simulation_project\Network_parallel\Network_parallel.cpp(225,95): warning C4190: для "GetComponentModelAdress" задана С-связывание, но возвращаемый тип UDT "std::basic_string<char,std::char_traits<char>,std::allocator<char>>" несовместим с языком Си
C:\Program Files\Microsoft Visual Studio\2022\Community\VC\Tools\MSVC\14.35.32215\include\xstring(5300,29): message : см. объявление "std::basic_string<char,std::char_traits<char>,std::allocator<char>>"
C:\Users\1\source\Simulation_project\Network_parallel\Network_parallel.cpp(233,64): warning C4190: для "GetNextModelName" задана С-связывание, но возвращаемый тип UDT "std::basic_string<char,std::char_traits<char>,std::allocator<char>>" несовместим с языком Си
C:\Program Files\Microsoft Visual Studio\2022\Community\VC\Tools\MSVC\14.35.32215\include\xstring(5300,29): message : см. объявление "std::basic_string<char,std::char_traits<char>,std::allocator<char>>"
C:\Users\1\source\Simulation_project\Network_parallel\Network_parallel.cpp(324,81): warning C4190: для "GetAllComponentsMetrics" задана С-связывание, но возвращаемый тип UDT "std::vector<Metric *,std::allocator<Metric *>>" несовместим с языком Си
C:\Users\1\source\Simulation_project\Model\Model.h(22,5): message : см. объявление "std::vector<Metric *,std::allocator<Metric *>>"
C:\Users\1\source\Simulation_project\Network_parallel\Network_parallel.cpp(335,77): warning C4190: для "GetAllParametrs" задана С-связывание, но возвращаемый тип UDT "std::map<std::string,double,std::less<std::string>,std::allocator<std::pair<const std::string,double>>>" несовместим с языком Си
C:\Users\1\source\Simulation_project\Metric\Metric.h(18,5): message : см. объявление "std::map<std::string,double,std::less<std::string>,std::allocator<std::pair<const std::string,double>>>"
C:\Users\1\source\Simulation_project\Network_parallel\Network_parallel.cpp(345,93): warning C4190: для "GetAllParallelParametrs" задана С-связывание, но возвращаемый тип UDT "std::map<std::string,std::vector<double,std::allocator<double>>,std::less<std::string>,std::allocator<std::pair<const std::string,std::vector<double,std::allocator<double>>>>>" несовместим с языком Си
C:\Users\1\source\Simulation_project\Model\Model.h(24,5): message : см. объявление "std::map<std::string,std::vector<double,std::allocator<double>>,std::less<std::string>,std::allocator<std::pair<const std::string,std::vector<double,std::allocator<double>>>>>"
  Создание кода...
     Создается библиотека C:\Users\1\source\Simulation_project\x64\Debug\Network_parallel.lib и объект C:\Users\1\source\Simulation_project\x64\Debug\Network_parallel.exp
  Network_parallel.vcxproj -> C:\Users\1\source\Simulation_project\x64\Debug\Network_parallel.dll
