  pch.cpp
  dllmain.cpp
  Transfer.cpp
C:\Users\1\source\Simulation_project\Metric\Metric.h(18,26): warning C4251: Metric::main_parametrs: class "std::map<std::string,double,std::less<std::string>,std::allocator<std::pair<const std::string,double>>>" должен иметь dll-интерфейс для использования клиентами class "Metric"
C:\Users\1\source\Simulation_project\Metric\Metric.h(18,5): message : см. объявление "std::map<std::string,double,std::less<std::string>,std::allocator<std::pair<const std::string,double>>>"
C:\Users\1\source\Simulation_project\Metric\Metric.h(19,26): warning C4251: Metric::parametrs: class "std::map<std::string,double,std::less<std::string>,std::allocator<std::pair<const std::string,double>>>" должен иметь dll-интерфейс для использования клиентами class "Metric"
C:\Users\1\source\Simulation_project\Metric\Metric.h(18,5): message : см. объявление "std::map<std::string,double,std::less<std::string>,std::allocator<std::pair<const std::string,double>>>"
C:\Users\1\source\Simulation_project\Metric\Metric.h(20,26): warning C4251: Metric::fixed_main_parametrs: class "std::map<std::string,double,std::less<std::string>,std::allocator<std::pair<const std::string,double>>>" должен иметь dll-интерфейс для использования клиентами class "Metric"
C:\Users\1\source\Simulation_project\Metric\Metric.h(18,5): message : см. объявление "std::map<std::string,double,std::less<std::string>,std::allocator<std::pair<const std::string,double>>>"
C:\Users\1\source\Simulation_project\Metric\Metric.h(22,12): warning C4251: Metric::name: class "std::basic_string<char,std::char_traits<char>,std::allocator<char>>" должен иметь dll-интерфейс для использования клиентами class "Metric"
C:\Program Files\Microsoft Visual Studio\2022\Community\VC\Tools\MSVC\14.35.32215\include\xstring(5300,29): message : см. объявление "std::basic_string<char,std::char_traits<char>,std::allocator<char>>"
C:\Users\1\source\Simulation_project\Metric\Metric.h(23,12): warning C4251: Metric::type: class "std::basic_string<char,std::char_traits<char>,std::allocator<char>>" должен иметь dll-интерфейс для использования клиентами class "Metric"
C:\Program Files\Microsoft Visual Studio\2022\Community\VC\Tools\MSVC\14.35.32215\include\xstring(5300,29): message : см. объявление "std::basic_string<char,std::char_traits<char>,std::allocator<char>>"
C:\Users\1\source\Simulation_project\Model\Model.h(19,12): warning C4251: Model::name: class "std::basic_string<char,std::char_traits<char>,std::allocator<char>>" должен иметь dll-интерфейс для использования клиентами class "Model"
C:\Program Files\Microsoft Visual Studio\2022\Community\VC\Tools\MSVC\14.35.32215\include\xstring(5300,29): message : см. объявление "std::basic_string<char,std::char_traits<char>,std::allocator<char>>"
C:\Users\1\source\Simulation_project\Model\Model.h(20,12): warning C4251: Model::modeling_class: class "std::basic_string<char,std::char_traits<char>,std::allocator<char>>" должен иметь dll-интерфейс для использования клиентами class "Model"
C:\Program Files\Microsoft Visual Studio\2022\Community\VC\Tools\MSVC\14.35.32215\include\xstring(5300,29): message : см. объявление "std::basic_string<char,std::char_traits<char>,std::allocator<char>>"
C:\Users\1\source\Simulation_project\Model\Model.h(21,26): warning C4251: Model::components: class "std::map<std::string,Model *,std::less<std::string>,std::allocator<std::pair<const std::string,Model *>>>" должен иметь dll-интерфейс для использования клиентами class "Model"
C:\Users\1\source\Simulation_project\Model\Model.h(21,5): message : см. объявление "std::map<std::string,Model *,std::less<std::string>,std::allocator<std::pair<const std::string,Model *>>>"
C:\Users\1\source\Simulation_project\Model\Model.h(22,22): warning C4251: Model::metrics: class "std::vector<Metric *,std::allocator<Metric *>>" должен иметь dll-интерфейс для использования клиентами class "Model"
C:\Users\1\source\Simulation_project\Model\Model.h(22,5): message : см. объявление "std::vector<Metric *,std::allocator<Metric *>>"
C:\Users\1\source\Simulation_project\Model\Model.h(23,26): warning C4251: Model::parametrs: class "std::map<std::string,double,std::less<std::string>,std::allocator<std::pair<const std::string,double>>>" должен иметь dll-интерфейс для использования клиентами class "Model"
C:\Users\1\source\Simulation_project\Metric\Metric.h(18,5): message : см. объявление "std::map<std::string,double,std::less<std::string>,std::allocator<std::pair<const std::string,double>>>"
C:\Users\1\source\Simulation_project\Model\Model.h(24,34): warning C4251: Model::parallel_parametrs: class "std::map<std::string,std::vector<double,std::allocator<double>>,std::less<std::string>,std::allocator<std::pair<const std::string,std::vector<double,std::allocator<double>>>>>" должен иметь dll-интерфейс для использования клиентами class "Model"
C:\Users\1\source\Simulation_project\Model\Model.h(24,5): message : см. объявление "std::map<std::string,std::vector<double,std::allocator<double>>,std::less<std::string>,std::allocator<std::pair<const std::string,std::vector<double,std::allocator<double>>>>>"
C:\Users\1\source\Simulation_project\Model\Model.h(25,26): warning C4251: Model::components_models_adresses: class "std::map<std::string,std::string,std::less<std::string>,std::allocator<std::pair<const std::string,std::string>>>" должен иметь dll-интерфейс для использования клиентами class "Model"
C:\Users\1\source\Simulation_project\Model\Model.h(25,5): message : см. объявление "std::map<std::string,std::string,std::less<std::string>,std::allocator<std::pair<const std::string,std::string>>>"
C:\Users\1\source\Simulation_project\Model\Model.h(26,12): warning C4251: Model::next_model_name: class "std::basic_string<char,std::char_traits<char>,std::allocator<char>>" должен иметь dll-интерфейс для использования клиентами class "Model"
C:\Program Files\Microsoft Visual Studio\2022\Community\VC\Tools\MSVC\14.35.32215\include\xstring(5300,29): message : см. объявление "std::basic_string<char,std::char_traits<char>,std::allocator<char>>"
C:\Users\1\source\Simulation_project\Transfer\Transfer.h(54,94): warning C4190: для "GetComponentModelAdress" задана С-связывание, но возвращаемый тип UDT "std::basic_string<char,std::char_traits<char>,std::allocator<char>>" несовместим с языком Си
C:\Program Files\Microsoft Visual Studio\2022\Community\VC\Tools\MSVC\14.35.32215\include\xstring(5300,29): message : см. объявление "std::basic_string<char,std::char_traits<char>,std::allocator<char>>"
C:\Users\1\source\Simulation_project\Transfer\Transfer.h(62,80): warning C4190: для "GetAllComponentsMetrics" задана С-связывание, но возвращаемый тип UDT "std::vector<Metric *,std::allocator<Metric *>>" несовместим с языком Си
C:\Users\1\source\Simulation_project\Model\Model.h(22,5): message : см. объявление "std::vector<Metric *,std::allocator<Metric *>>"
C:\Users\1\source\Simulation_project\Transfer\Transfer.h(63,63): warning C4190: для "GetNextModelName" задана С-связывание, но возвращаемый тип UDT "std::basic_string<char,std::char_traits<char>,std::allocator<char>>" несовместим с языком Си
C:\Program Files\Microsoft Visual Studio\2022\Community\VC\Tools\MSVC\14.35.32215\include\xstring(5300,29): message : см. объявление "std::basic_string<char,std::char_traits<char>,std::allocator<char>>"
C:\Users\1\source\Simulation_project\Transfer\Transfer.h(64,92): warning C4190: для "GetAllParallelParametrs" задана С-связывание, но возвращаемый тип UDT "std::map<std::string,std::vector<double,std::allocator<double>>,std::less<std::string>,std::allocator<std::pair<const std::string,std::vector<double,std::allocator<double>>>>>" несовместим с языком Си
C:\Users\1\source\Simulation_project\Model\Model.h(24,5): message : см. объявление "std::map<std::string,std::vector<double,std::allocator<double>>,std::less<std::string>,std::allocator<std::pair<const std::string,std::vector<double,std::allocator<double>>>>>"
C:\Users\1\source\Simulation_project\Transfer\Transfer.cpp(222,64): warning C4190: для "GetNextModelName" задана С-связывание, но возвращаемый тип UDT "std::basic_string<char,std::char_traits<char>,std::allocator<char>>" несовместим с языком Си
C:\Program Files\Microsoft Visual Studio\2022\Community\VC\Tools\MSVC\14.35.32215\include\xstring(5300,29): message : см. объявление "std::basic_string<char,std::char_traits<char>,std::allocator<char>>"
C:\Users\1\source\Simulation_project\Transfer\Transfer.cpp(271,95): warning C4190: для "GetComponentModelAdress" задана С-связывание, но возвращаемый тип UDT "std::basic_string<char,std::char_traits<char>,std::allocator<char>>" несовместим с языком Си
C:\Program Files\Microsoft Visual Studio\2022\Community\VC\Tools\MSVC\14.35.32215\include\xstring(5300,29): message : см. объявление "std::basic_string<char,std::char_traits<char>,std::allocator<char>>"
C:\Users\1\source\Simulation_project\Transfer\Transfer.cpp(362,81): warning C4190: для "GetAllComponentsMetrics" задана С-связывание, но возвращаемый тип UDT "std::vector<Metric *,std::allocator<Metric *>>" несовместим с языком Си
C:\Users\1\source\Simulation_project\Model\Model.h(22,5): message : см. объявление "std::vector<Metric *,std::allocator<Metric *>>"
C:\Users\1\source\Simulation_project\Transfer\Transfer.cpp(373,93): warning C4190: для "GetAllParallelParametrs" задана С-связывание, но возвращаемый тип UDT "std::map<std::string,std::vector<double,std::allocator<double>>,std::less<std::string>,std::allocator<std::pair<const std::string,std::vector<double,std::allocator<double>>>>>" несовместим с языком Си
C:\Users\1\source\Simulation_project\Model\Model.h(24,5): message : см. объявление "std::map<std::string,std::vector<double,std::allocator<double>>,std::less<std::string>,std::allocator<std::pair<const std::string,std::vector<double,std::allocator<double>>>>>"
  Создание кода...
     Создается библиотека C:\Users\1\source\Simulation_project\x64\Debug\Transfer.lib и объект C:\Users\1\source\Simulation_project\x64\Debug\Transfer.exp
  Transfer.vcxproj -> C:\Users\1\source\Simulation_project\x64\Debug\Transfer.dll
