  pch.cpp
  Area.cpp
C:\Users\1\source\Simulation_project\Area\Area.cpp(3,1): warning C4005: AREA_EXPORTS: изменение макроопределения
C:\Users\1\source\Simulation_project\Area\Area.cpp(3,1): message : "AREA_EXPORTS" ранее объявлен в командной строке
C:\Users\1\source\Simulation_project\Metric\Metric.h(18,26): warning C4251: Metric::main_parametrs: class "std::map<std::string,double,std::less<std::string>,std::allocator<std::pair<const std::string,double>>>" должен иметь dll-интерфейс для использования клиентами class "Metric"
C:\Users\1\source\Simulation_project\Metric\Metric.h(18,5): message : см. объявление "std::map<std::string,double,std::less<std::string>,std::allocator<std::pair<const std::string,double>>>"
C:\Users\1\source\Simulation_project\Metric\Metric.h(19,26): warning C4251: Metric::parametrs: class "std::map<std::string,double,std::less<std::string>,std::allocator<std::pair<const std::string,double>>>" должен иметь dll-интерфейс для использования клиентами class "Metric"
C:\Users\1\source\Simulation_project\Metric\Metric.h(18,5): message : см. объявление "std::map<std::string,double,std::less<std::string>,std::allocator<std::pair<const std::string,double>>>"
C:\Users\1\source\Simulation_project\Metric\Metric.h(20,26): warning C4251: Metric::fixed_main_parametrs: class "std::map<std::string,double,std::less<std::string>,std::allocator<std::pair<const std::string,double>>>" должен иметь dll-интерфейс для использования клиентами class "Metric"
C:\Users\1\source\Simulation_project\Metric\Metric.h(18,5): message : см. объявление "std::map<std::string,double,std::less<std::string>,std::allocator<std::pair<const std::string,double>>>"
C:\Users\1\source\Simulation_project\Metric\Metric.h(22,12): warning C4251: Metric::name: class "std::basic_string<char,std::char_traits<char>,std::allocator<char>>" должен иметь dll-интерфейс для использования клиентами class "Metric"
C:\Program Files\Microsoft Visual Studio\2022\Community\VC\Tools\MSVC\14.35.32215\include\xstring(5300,29): message : см. объявление "std::basic_string<char,std::char_traits<char>,std::allocator<char>>"
C:\Users\1\source\Simulation_project\Metric\Metric.h(23,12): warning C4251: Metric::type: class "std::basic_string<char,std::char_traits<char>,std::allocator<char>>" должен иметь dll-интерфейс для использования клиентами class "Metric"
C:\Program Files\Microsoft Visual Studio\2022\Community\VC\Tools\MSVC\14.35.32215\include\xstring(5300,29): message : см. объявление "std::basic_string<char,std::char_traits<char>,std::allocator<char>>"
C:\Users\1\source\Simulation_project\Model\Model.h(19,12): warning C4251: Model::name: class "std::basic_string<char,std::char_traits<char>,std::allocator<char>>" должен иметь dll-интерфейс для использования клиентами class "Model"
C:\Program Files\Microsoft Visual Studio\2022\Community\VC\Tools\MSVC\14.35.32215\include\xstring(5300,29): message : см. объявление "std::basic_string<char,std::char_traits<char>,std::allocator<char>>"
C:\Users\1\source\Simulation_project\Model\Model.h(20,12): warning C4251: Model::modeling_class: class "std::basic_string<char,std::char_traits<char>,std::allocator<char>>" должен иметь dll-интерфейс для использования клиентами class "Model"
C:\Program Files\Microsoft Visual Studio\2022\Community\VC\Tools\MSVC\14.35.32215\include\xstring(5300,29): message : см. объявление "std::basic_string<char,std::char_traits<char>,std::allocator<char>>"
C:\Users\1\source\Simulation_project\Model\Model.h(21,26): warning C4251: Model::components: class "std::map<std::string,Model *,std::less<std::string>,std::allocator<std::pair<const std::string,Model *>>>" должен иметь dll-интерфейс для использования клиентами class "Model"
C:\Users\1\source\Simulation_project\Model\Model.h(21,5): message : см. объявление "std::map<std::string,Model *,std::less<std::string>,std::allocator<std::pair<const std::string,Model *>>>"
C:\Users\1\source\Simulation_project\Model\Model.h(22,22): warning C4251: Model::metrics: class "std::vector<Metric *,std::allocator<Metric *>>" должен иметь dll-интерфейс для использования клиентами class "Model"
C:\Users\1\source\Simulation_project\Model\Model.h(22,5): message : см. объявление "std::vector<Metric *,std::allocator<Metric *>>"
C:\Users\1\source\Simulation_project\Model\Model.h(23,26): warning C4251: Model::parametrs: class "std::map<std::string,double,std::less<std::string>,std::allocator<std::pair<const std::string,double>>>" должен иметь dll-интерфейс для использования клиентами class "Model"
C:\Users\1\source\Simulation_project\Metric\Metric.h(18,5): message : см. объявление "std::map<std::string,double,std::less<std::string>,std::allocator<std::pair<const std::string,double>>>"
C:\Users\1\source\Simulation_project\Model\Model.h(24,34): warning C4251: Model::parallel_parametrs: class "std::map<std::string,std::vector<double,std::allocator<double>>,std::less<std::string>,std::allocator<std::pair<const std::string,std::vector<double,std::allocator<double>>>>>" должен иметь dll-интерфейс для использования клиентами class "Model"
C:\Users\1\source\Simulation_project\Model\Model.h(24,5): message : см. объявление "std::map<std::string,std::vector<double,std::allocator<double>>,std::less<std::string>,std::allocator<std::pair<const std::string,std::vector<double,std::allocator<double>>>>>"
C:\Users\1\source\Simulation_project\Model\Model.h(25,26): warning C4251: Model::components_models_adresses: class "std::map<std::string,std::string,std::less<std::string>,std::allocator<std::pair<const std::string,std::string>>>" должен иметь dll-интерфейс для использования клиентами class "Model"
C:\Users\1\source\Simulation_project\Model\Model.h(25,5): message : см. объявление "std::map<std::string,std::string,std::less<std::string>,std::allocator<std::pair<const std::string,std::string>>>"
C:\Users\1\source\Simulation_project\Model\Model.h(26,12): warning C4251: Model::next_model_name: class "std::basic_string<char,std::char_traits<char>,std::allocator<char>>" должен иметь dll-интерфейс для использования клиентами class "Model"
C:\Program Files\Microsoft Visual Studio\2022\Community\VC\Tools\MSVC\14.35.32215\include\xstring(5300,29): message : см. объявление "std::basic_string<char,std::char_traits<char>,std::allocator<char>>"
C:\Users\1\source\Simulation_project\Movement\Movement.h(51,94): warning C4190: для "GetComponentModelAdress" задана С-связывание, но возвращаемый тип UDT "std::basic_string<char,std::char_traits<char>,std::allocator<char>>" несовместим с языком Си
C:\Program Files\Microsoft Visual Studio\2022\Community\VC\Tools\MSVC\14.35.32215\include\xstring(5300,29): message : см. объявление "std::basic_string<char,std::char_traits<char>,std::allocator<char>>"
C:\Users\1\source\Simulation_project\Movement\Movement.h(61,80): warning C4190: для "GetAllComponentsMetrics" задана С-связывание, но возвращаемый тип UDT "std::vector<Metric *,std::allocator<Metric *>>" несовместим с языком Си
C:\Users\1\source\Simulation_project\Model\Model.h(22,5): message : см. объявление "std::vector<Metric *,std::allocator<Metric *>>"
C:\Users\1\source\Simulation_project\Movement\Movement.h(62,63): warning C4190: для "GetNextModelName" задана С-связывание, но возвращаемый тип UDT "std::basic_string<char,std::char_traits<char>,std::allocator<char>>" несовместим с языком Си
C:\Program Files\Microsoft Visual Studio\2022\Community\VC\Tools\MSVC\14.35.32215\include\xstring(5300,29): message : см. объявление "std::basic_string<char,std::char_traits<char>,std::allocator<char>>"
C:\Users\1\source\Simulation_project\Movement\Movement.h(63,92): warning C4190: для "GetAllParallelParametrs" задана С-связывание, но возвращаемый тип UDT "std::map<std::string,std::vector<double,std::allocator<double>>,std::less<std::string>,std::allocator<std::pair<const std::string,std::vector<double,std::allocator<double>>>>>" несовместим с языком Си
C:\Users\1\source\Simulation_project\Model\Model.h(24,5): message : см. объявление "std::map<std::string,std::vector<double,std::allocator<double>>,std::less<std::string>,std::allocator<std::pair<const std::string,std::vector<double,std::allocator<double>>>>>"
C:\Users\1\source\Simulation_project\Node\Node.h(30,17): warning C4251: Node::neighbours: class "std::vector<int,std::allocator<int>>" должен иметь dll-интерфейс для использования клиентами class "Node"
C:\Users\1\source\Simulation_project\Node\Node.h(30,5): message : см. объявление "std::vector<int,std::allocator<int>>"
C:\Users\1\source\Simulation_project\Node\Node.h(31,18): warning C4251: Node::messages: class "std::vector<int,std::allocator<int>>" должен иметь dll-интерфейс для использования клиентами class "Node"
C:\Users\1\source\Simulation_project\Node\Node.h(30,5): message : см. объявление "std::vector<int,std::allocator<int>>"
C:\Users\1\source\Simulation_project\Node\Node.h(55,94): warning C4190: для "GetComponentModelAdress" задана С-связывание, но возвращаемый тип UDT "std::basic_string<char,std::char_traits<char>,std::allocator<char>>" несовместим с языком Си
C:\Program Files\Microsoft Visual Studio\2022\Community\VC\Tools\MSVC\14.35.32215\include\xstring(5300,29): message : см. объявление "std::basic_string<char,std::char_traits<char>,std::allocator<char>>"
C:\Users\1\source\Simulation_project\Node\Node.h(65,80): warning C4190: для "GetAllComponentsMetrics" задана С-связывание, но возвращаемый тип UDT "std::vector<Metric *,std::allocator<Metric *>>" несовместим с языком Си
C:\Users\1\source\Simulation_project\Model\Model.h(22,5): message : см. объявление "std::vector<Metric *,std::allocator<Metric *>>"
C:\Users\1\source\Simulation_project\Node\Node.h(66,63): warning C4190: для "GetNextModelName" задана С-связывание, но возвращаемый тип UDT "std::basic_string<char,std::char_traits<char>,std::allocator<char>>" несовместим с языком Си
C:\Program Files\Microsoft Visual Studio\2022\Community\VC\Tools\MSVC\14.35.32215\include\xstring(5300,29): message : см. объявление "std::basic_string<char,std::char_traits<char>,std::allocator<char>>"
C:\Users\1\source\Simulation_project\Node\Node.h(67,92): warning C4190: для "GetAllParallelParametrs" задана С-связывание, но возвращаемый тип UDT "std::map<std::string,std::vector<double,std::allocator<double>>,std::less<std::string>,std::allocator<std::pair<const std::string,std::vector<double,std::allocator<double>>>>>" несовместим с языком Си
C:\Users\1\source\Simulation_project\Model\Model.h(24,5): message : см. объявление "std::map<std::string,std::vector<double,std::allocator<double>>,std::less<std::string>,std::allocator<std::pair<const std::string,std::vector<double,std::allocator<double>>>>>"
C:\Users\1\source\Simulation_project\Transfer\Transfer.h(54,94): warning C4190: для "GetComponentModelAdress" задана С-связывание, но возвращаемый тип UDT "std::basic_string<char,std::char_traits<char>,std::allocator<char>>" несовместим с языком Си
C:\Program Files\Microsoft Visual Studio\2022\Community\VC\Tools\MSVC\14.35.32215\include\xstring(5300,29): message : см. объявление "std::basic_string<char,std::char_traits<char>,std::allocator<char>>"
C:\Users\1\source\Simulation_project\Transfer\Transfer.h(62,80): warning C4190: для "GetAllComponentsMetrics" задана С-связывание, но возвращаемый тип UDT "std::vector<Metric *,std::allocator<Metric *>>" несовместим с языком Си
C:\Users\1\source\Simulation_project\Model\Model.h(22,5): message : см. объявление "std::vector<Metric *,std::allocator<Metric *>>"
C:\Users\1\source\Simulation_project\Transfer\Transfer.h(63,63): warning C4190: для "GetNextModelName" задана С-связывание, но возвращаемый тип UDT "std::basic_string<char,std::char_traits<char>,std::allocator<char>>" несовместим с языком Си
C:\Program Files\Microsoft Visual Studio\2022\Community\VC\Tools\MSVC\14.35.32215\include\xstring(5300,29): message : см. объявление "std::basic_string<char,std::char_traits<char>,std::allocator<char>>"
C:\Users\1\source\Simulation_project\Transfer\Transfer.h(64,92): warning C4190: для "GetAllParallelParametrs" задана С-связывание, но возвращаемый тип UDT "std::map<std::string,std::vector<double,std::allocator<double>>,std::less<std::string>,std::allocator<std::pair<const std::string,std::vector<double,std::allocator<double>>>>>" несовместим с языком Си
C:\Users\1\source\Simulation_project\Model\Model.h(24,5): message : см. объявление "std::map<std::string,std::vector<double,std::allocator<double>>,std::less<std::string>,std::allocator<std::pair<const std::string,std::vector<double,std::allocator<double>>>>>"
C:\Users\1\source\Simulation_project\Area\Area.h(62,94): warning C4190: для "GetComponentModelAdress" задана С-связывание, но возвращаемый тип UDT "std::basic_string<char,std::char_traits<char>,std::allocator<char>>" несовместим с языком Си
C:\Program Files\Microsoft Visual Studio\2022\Community\VC\Tools\MSVC\14.35.32215\include\xstring(5300,29): message : см. объявление "std::basic_string<char,std::char_traits<char>,std::allocator<char>>"
C:\Users\1\source\Simulation_project\Area\Area.h(70,80): warning C4190: для "GetAllComponentsMetrics" задана С-связывание, но возвращаемый тип UDT "std::vector<Metric *,std::allocator<Metric *>>" несовместим с языком Си
C:\Users\1\source\Simulation_project\Model\Model.h(22,5): message : см. объявление "std::vector<Metric *,std::allocator<Metric *>>"
C:\Users\1\source\Simulation_project\Area\Area.h(71,63): warning C4190: для "GetNextModelName" задана С-связывание, но возвращаемый тип UDT "std::basic_string<char,std::char_traits<char>,std::allocator<char>>" несовместим с языком Си
C:\Program Files\Microsoft Visual Studio\2022\Community\VC\Tools\MSVC\14.35.32215\include\xstring(5300,29): message : см. объявление "std::basic_string<char,std::char_traits<char>,std::allocator<char>>"
C:\Users\1\source\Simulation_project\Area\Area.h(72,76): warning C4190: для "GetAllParametrs" задана С-связывание, но возвращаемый тип UDT "std::map<std::string,double,std::less<std::string>,std::allocator<std::pair<const std::string,double>>>" несовместим с языком Си
C:\Users\1\source\Simulation_project\Metric\Metric.h(18,5): message : см. объявление "std::map<std::string,double,std::less<std::string>,std::allocator<std::pair<const std::string,double>>>"
C:\Users\1\source\Simulation_project\Area\Area.h(73,92): warning C4190: для "GetAllParallelParametrs" задана С-связывание, но возвращаемый тип UDT "std::map<std::string,std::vector<double,std::allocator<double>>,std::less<std::string>,std::allocator<std::pair<const std::string,std::vector<double,std::allocator<double>>>>>" несовместим с языком Си
C:\Users\1\source\Simulation_project\Model\Model.h(24,5): message : см. объявление "std::map<std::string,std::vector<double,std::allocator<double>>,std::less<std::string>,std::allocator<std::pair<const std::string,std::vector<double,std::allocator<double>>>>>"
C:\Users\1\source\Simulation_project\Area\Area.cpp(160,58): warning C4244: аргумент: преобразование "unsigned __int64" в "double", возможна потеря данных
C:\Users\1\source\Simulation_project\Area\Area.cpp(210,53): warning C4267: аргумент: преобразование из "size_t" в "int"; возможна потеря данных
C:\Users\1\source\Simulation_project\Area\Area.cpp(230,57): warning C4267: аргумент: преобразование из "size_t" в "int"; возможна потеря данных
C:\Users\1\source\Simulation_project\Area\Area.cpp(356,64): warning C4190: для "GetNextModelName" задана С-связывание, но возвращаемый тип UDT "std::basic_string<char,std::char_traits<char>,std::allocator<char>>" несовместим с языком Си
C:\Program Files\Microsoft Visual Studio\2022\Community\VC\Tools\MSVC\14.35.32215\include\xstring(5300,29): message : см. объявление "std::basic_string<char,std::char_traits<char>,std::allocator<char>>"
C:\Users\1\source\Simulation_project\Area\Area.cpp(404,95): warning C4190: для "GetComponentModelAdress" задана С-связывание, но возвращаемый тип UDT "std::basic_string<char,std::char_traits<char>,std::allocator<char>>" несовместим с языком Си
C:\Program Files\Microsoft Visual Studio\2022\Community\VC\Tools\MSVC\14.35.32215\include\xstring(5300,29): message : см. объявление "std::basic_string<char,std::char_traits<char>,std::allocator<char>>"
C:\Users\1\source\Simulation_project\Area\Area.cpp(488,81): warning C4190: для "GetAllComponentsMetrics" задана С-связывание, но возвращаемый тип UDT "std::vector<Metric *,std::allocator<Metric *>>" несовместим с языком Си
C:\Users\1\source\Simulation_project\Model\Model.h(22,5): message : см. объявление "std::vector<Metric *,std::allocator<Metric *>>"
C:\Users\1\source\Simulation_project\Area\Area.cpp(499,77): warning C4190: для "GetAllParametrs" задана С-связывание, но возвращаемый тип UDT "std::map<std::string,double,std::less<std::string>,std::allocator<std::pair<const std::string,double>>>" несовместим с языком Си
C:\Users\1\source\Simulation_project\Metric\Metric.h(18,5): message : см. объявление "std::map<std::string,double,std::less<std::string>,std::allocator<std::pair<const std::string,double>>>"
C:\Users\1\source\Simulation_project\Area\Area.cpp(516,93): warning C4190: для "GetAllParallelParametrs" задана С-связывание, но возвращаемый тип UDT "std::map<std::string,std::vector<double,std::allocator<double>>,std::less<std::string>,std::allocator<std::pair<const std::string,std::vector<double,std::allocator<double>>>>>" несовместим с языком Си
C:\Users\1\source\Simulation_project\Model\Model.h(24,5): message : см. объявление "std::map<std::string,std::vector<double,std::allocator<double>>,std::less<std::string>,std::allocator<std::pair<const std::string,std::vector<double,std::allocator<double>>>>>"
  dllmain.cpp
  Создание кода...
     Создается библиотека C:\Users\1\source\Simulation_project\x64\Debug\Area.lib и объект C:\Users\1\source\Simulation_project\x64\Debug\Area.exp
  Area.vcxproj -> C:\Users\1\source\Simulation_project\x64\Debug\Area.dll
